<?xml version="1.0" encoding="UTF-8"?>
<!-- Generated by org.testng.reporters.JUnitReportReporter -->
<testsuite skipped="0" hostname="DBHOMEHP" name="com.orangehrmlive.demo.testsuite.ForgetPassword" tests="1" failures="0" timestamp="2022-12-12T20:41:00 GMT" time="3.821" errors="0">
  <testcase name="userShouldNavigateToForgotPasswordPageSuccessfully" time="3.821" classname="com.orangehrmlive.demo.testsuite.ForgetPassword"/>
  <system-out>
    <![CDATA[click on forgot button[[ChromeDriver: chrome on WINDOWS (6e6f2c96abfe3089e409368fec64447a)] -> xpath: //p[@class='oxd-text oxd-text--p orangehrm-login-forgot-header']]
verify reset text[[ChromeDriver: chrome on WINDOWS (6e6f2c96abfe3089e409368fec64447a)] -> xpath: //button[@class='oxd-button oxd-button--large oxd-button--secondary orangehrm-forgot-password-button orangehrm-forgot-password-button--reset']]]]>
  </system-out>
</testsuite> <!-- com.orangehrmlive.demo.testsuite.ForgetPassword -->
