<?xml version="1.0" encoding="UTF-8"?>
<!-- Generated by org.testng.reporters.JUnitReportReporter -->
<testsuite skipped="0" hostname="DBHOMEHP" name="com.orangehrmlive.demo.testsuite.LoginTest" tests="1" failures="0" timestamp="2022-12-12T20:41:00 GMT" time="7.624" errors="0">
  <testcase name="userShouldLoginSuccessfullyWithValidCredentials" time="7.624" classname="com.orangehrmlive.demo.testsuite.LoginTest"/>
  <system-out>
    <![CDATA[Enter user nameAdmin
Enter password[[ChromeDriver: chrome on WINDOWS (01070036b9234bf976bae487be18a09e)] -> name: password]
click on sign in[[ChromeDriver: chrome on WINDOWS (01070036b9234bf976bae487be18a09e)] -> xpath: //button[@type ='submit']]
get welcome text[[ChromeDriver: chrome on WINDOWS (01070036b9234bf976bae487be18a09e)] -> xpath: //h6[normalize-space()='Dashboard']]]]>
  </system-out>
</testsuite> <!-- com.orangehrmlive.demo.testsuite.LoginTest -->
